2018-08-22 15:15:47.783  INFO 18536 --- [main] com.yus.Demo01ApplicationTests           : Starting Demo01ApplicationTests on DESKTOP-FEI0QPV with PID 18536 (started by lbb in C:\Users\lbb\idea_workpath\demo01)
2018-08-22 15:15:47.836  INFO 18536 --- [main] com.yus.Demo01ApplicationTests           : No active profile set, falling back to default profiles: default
2018-08-22 15:15:48.138  INFO 18536 --- [main] o.s.w.c.s.GenericWebApplicationContext   : Refreshing org.springframework.web.context.support.GenericWebApplicationContext@273e7444: startup date [Wed Aug 22 15:15:48 CST 2018]; root of context hierarchy
2018-08-22 15:15:55.018  INFO 18536 --- [main] o.s.w.s.handler.SimpleUrlHandlerMapping  : Mapped URL path [/**/favicon.ico] onto handler of type [class org.springframework.web.servlet.resource.ResourceHttpRequestHandler]
2018-08-22 15:15:55.813  INFO 18536 --- [main] s.w.s.m.m.a.RequestMappingHandlerAdapter : Looking for @ControllerAdvice: org.springframework.web.context.support.GenericWebApplicationContext@273e7444: startup date [Wed Aug 22 15:15:48 CST 2018]; root of context hierarchy
2018-08-22 15:15:56.102  INFO 18536 --- [main] s.w.s.m.m.a.RequestMappingHandlerMapping : Mapped "{[/hello]}" onto public java.lang.String com.yus.controller.HelloController.sayhello()
2018-08-22 15:15:56.111  INFO 18536 --- [main] s.w.s.m.m.a.RequestMappingHandlerMapping : Mapped "{[/error]}" onto public org.springframework.http.ResponseEntity<java.util.Map<java.lang.String, java.lang.Object>> org.springframework.boot.autoconfigure.web.servlet.error.BasicErrorController.error(javax.servlet.http.HttpServletRequest)
2018-08-22 15:15:56.114  INFO 18536 --- [main] s.w.s.m.m.a.RequestMappingHandlerMapping : Mapped "{[/error],produces=[text/html]}" onto public org.springframework.web.servlet.ModelAndView org.springframework.boot.autoconfigure.web.servlet.error.BasicErrorController.errorHtml(javax.servlet.http.HttpServletRequest,javax.servlet.http.HttpServletResponse)
2018-08-22 15:15:56.229  INFO 18536 --- [main] o.s.w.s.handler.SimpleUrlHandlerMapping  : Mapped URL path [/webjars/**] onto handler of type [class org.springframework.web.servlet.resource.ResourceHttpRequestHandler]
2018-08-22 15:15:56.232  INFO 18536 --- [main] o.s.w.s.handler.SimpleUrlHandlerMapping  : Mapped URL path [/**] onto handler of type [class org.springframework.web.servlet.resource.ResourceHttpRequestHandler]
2018-08-22 15:15:57.354  INFO 18536 --- [main] com.yus.Demo01ApplicationTests           : Started Demo01ApplicationTests in 11.426 seconds (JVM running for 18.411)
2018-08-22 15:15:57.637  INFO 18536 --- [Thread-2] o.s.w.c.s.GenericWebApplicationContext   : Closing org.springframework.web.context.support.GenericWebApplicationContext@273e7444: startup date [Wed Aug 22 15:15:48 CST 2018]; root of context hierarchy
2018-08-22 15:16:26.592  INFO 16736 --- [main] com.yus.Demo01Application                : Starting Demo01Application on DESKTOP-FEI0QPV with PID 16736 (C:\Users\lbb\idea_workpath\demo01\target\classes started by lbb in C:\Users\lbb\idea_workpath\demo01)
2018-08-22 15:16:26.598  INFO 16736 --- [main] com.yus.Demo01Application                : No active profile set, falling back to default profiles: default
2018-08-22 15:16:26.660  INFO 16736 --- [main] ConfigServletWebServerApplicationContext : Refreshing org.springframework.boot.web.servlet.context.AnnotationConfigServletWebServerApplicationContext@2133814f: startup date [Wed Aug 22 15:16:26 CST 2018]; root of context hierarchy
2018-08-22 15:16:28.139  INFO 16736 --- [main] o.s.b.w.embedded.tomcat.TomcatWebServer  : Tomcat initialized with port(s): 8080 (http)
2018-08-22 15:16:28.166  INFO 16736 --- [main] o.apache.catalina.core.StandardService   : Starting service [Tomcat]
2018-08-22 15:16:28.166  INFO 16736 --- [main] org.apache.catalina.core.StandardEngine  : Starting Servlet Engine: Apache Tomcat/8.5.32
2018-08-22 15:16:28.173  INFO 16736 --- [localhost-startStop-1] o.a.catalina.core.AprLifecycleListener   : The APR based Apache Tomcat Native library which allows optimal performance in production environments was not found on the java.library.path: [C:\Program Files\Java\jdk1.8.0_25\bin;C:\WINDOWS\Sun\Java\bin;C:\WINDOWS\system32;C:\WINDOWS;C:\ProgramData\Oracle\Java\javapath;C:\WINDOWS\system32;C:\WINDOWS;C:\WINDOWS\System32\Wbem;C:\WINDOWS\System32\WindowsPowerShell\v1.0\;C:\WINDOWS\System32\OpenSSH\;C:\Program Files\Microsoft VS Code\bin;C:\Program Files\Java\jdk1.8.0_25\bin;C:\Program Files\maven\apache-maven\bin;C:\Program Files\maven\apache-maven\bin;C:\Program Files\Intel\WiFi\bin\;C:\Program Files\Common Files\Intel\WirelessCommon\;C:\Users\lbb\Anaconda3;C:\Users\lbb\Anaconda3\Library\mingw-w64\bin;C:\Users\lbb\Anaconda3\Library\usr\bin;C:\Users\lbb\Anaconda3\Library\bin;C:\Users\lbb\Anaconda3\Scripts;C:\Users\lbb\AppData\Local\Microsoft\WindowsApps;C:\Program Files\Java\jdk1.8.0_25\bin;C:\Program Files\maven\apache-maven\bin;C:\Program Files\Intel\WiFi\bin\;C:\Program Files\Common Files\Intel\WirelessCommon\;.]
2018-08-22 15:16:28.587  INFO 16736 --- [localhost-startStop-1] o.a.c.c.C.[Tomcat].[localhost].[/]       : Initializing Spring embedded WebApplicationContext
2018-08-22 15:16:28.589  INFO 16736 --- [localhost-startStop-1] o.s.web.context.ContextLoader            : Root WebApplicationContext: initialization completed in 1929 ms
2018-08-22 15:16:28.701  INFO 16736 --- [localhost-startStop-1] o.s.b.w.servlet.ServletRegistrationBean  : Servlet dispatcherServlet mapped to [/]
2018-08-22 15:16:28.709  INFO 16736 --- [localhost-startStop-1] o.s.b.w.servlet.FilterRegistrationBean   : Mapping filter: 'characterEncodingFilter' to: [/*]
2018-08-22 15:16:28.710  INFO 16736 --- [localhost-startStop-1] o.s.b.w.servlet.FilterRegistrationBean   : Mapping filter: 'hiddenHttpMethodFilter' to: [/*]
2018-08-22 15:16:28.712  INFO 16736 --- [localhost-startStop-1] o.s.b.w.servlet.FilterRegistrationBean   : Mapping filter: 'httpPutFormContentFilter' to: [/*]
2018-08-22 15:16:28.712  INFO 16736 --- [localhost-startStop-1] o.s.b.w.servlet.FilterRegistrationBean   : Mapping filter: 'requestContextFilter' to: [/*]
2018-08-22 15:16:28.925  INFO 16736 --- [main] o.s.w.s.handler.SimpleUrlHandlerMapping  : Mapped URL path [/**/favicon.ico] onto handler of type [class org.springframework.web.servlet.resource.ResourceHttpRequestHandler]
2018-08-22 15:16:29.127  INFO 16736 --- [main] s.w.s.m.m.a.RequestMappingHandlerAdapter : Looking for @ControllerAdvice: org.springframework.boot.web.servlet.context.AnnotationConfigServletWebServerApplicationContext@2133814f: startup date [Wed Aug 22 15:16:26 CST 2018]; root of context hierarchy
2018-08-22 15:16:29.205  INFO 16736 --- [main] s.w.s.m.m.a.RequestMappingHandlerMapping : Mapped "{[/hello]}" onto public java.lang.String com.yus.controller.HelloController.sayhello()
2018-08-22 15:16:29.211  INFO 16736 --- [main] s.w.s.m.m.a.RequestMappingHandlerMapping : Mapped "{[/error]}" onto public org.springframework.http.ResponseEntity<java.util.Map<java.lang.String, java.lang.Object>> org.springframework.boot.autoconfigure.web.servlet.error.BasicErrorController.error(javax.servlet.http.HttpServletRequest)
2018-08-22 15:16:29.212  INFO 16736 --- [main] s.w.s.m.m.a.RequestMappingHandlerMapping : Mapped "{[/error],produces=[text/html]}" onto public org.springframework.web.servlet.ModelAndView org.springframework.boot.autoconfigure.web.servlet.error.BasicErrorController.errorHtml(javax.servlet.http.HttpServletRequest,javax.servlet.http.HttpServletResponse)
2018-08-22 15:16:29.237  INFO 16736 --- [main] o.s.w.s.handler.SimpleUrlHandlerMapping  : Mapped URL path [/webjars/**] onto handler of type [class org.springframework.web.servlet.resource.ResourceHttpRequestHandler]
2018-08-22 15:16:29.238  INFO 16736 --- [main] o.s.w.s.handler.SimpleUrlHandlerMapping  : Mapped URL path [/**] onto handler of type [class org.springframework.web.servlet.resource.ResourceHttpRequestHandler]
2018-08-22 15:16:29.396  INFO 16736 --- [main] o.s.j.e.a.AnnotationMBeanExporter        : Registering beans for JMX exposure on startup
2018-08-22 15:16:29.443  INFO 16736 --- [main] o.s.b.w.embedded.tomcat.TomcatWebServer  : Tomcat started on port(s): 8080 (http) with context path ''
2018-08-22 15:16:29.447  INFO 16736 --- [main] com.yus.Demo01Application                : Started Demo01Application in 3.375 seconds (JVM running for 4.947)
2018-08-22 15:16:29.451  INFO 16736 --- [main] com.yus.Demo01Application                : 服务器启动了。。。。。。
2018-08-22 15:17:25.308  INFO 11856 --- [main] com.yus.Demo01Application                : Starting Demo01Application on DESKTOP-FEI0QPV with PID 11856 (C:\Users\lbb\idea_workpath\demo01\target\classes started by lbb in C:\Users\lbb\idea_workpath\demo01)
2018-08-22 15:17:25.315  INFO 11856 --- [main] com.yus.Demo01Application                : No active profile set, falling back to default profiles: default
2018-08-22 15:17:25.388  INFO 11856 --- [main] ConfigServletWebServerApplicationContext : Refreshing org.springframework.boot.web.servlet.context.AnnotationConfigServletWebServerApplicationContext@75f32542: startup date [Wed Aug 22 15:17:25 CST 2018]; root of context hierarchy
2018-08-22 15:17:26.661  INFO 11856 --- [main] o.s.b.w.embedded.tomcat.TomcatWebServer  : Tomcat initialized with port(s): 8090 (http)
2018-08-22 15:17:26.681  INFO 11856 --- [main] o.apache.catalina.core.StandardService   : Starting service [Tomcat]
2018-08-22 15:17:26.682  INFO 11856 --- [main] org.apache.catalina.core.StandardEngine  : Starting Servlet Engine: Apache Tomcat/8.5.32
2018-08-22 15:17:26.687  INFO 11856 --- [localhost-startStop-1] o.a.catalina.core.AprLifecycleListener   : The APR based Apache Tomcat Native library which allows optimal performance in production environments was not found on the java.library.path: [C:\Program Files\Java\jdk1.8.0_25\bin;C:\WINDOWS\Sun\Java\bin;C:\WINDOWS\system32;C:\WINDOWS;C:\ProgramData\Oracle\Java\javapath;C:\WINDOWS\system32;C:\WINDOWS;C:\WINDOWS\System32\Wbem;C:\WINDOWS\System32\WindowsPowerShell\v1.0\;C:\WINDOWS\System32\OpenSSH\;C:\Program Files\Microsoft VS Code\bin;C:\Program Files\Java\jdk1.8.0_25\bin;C:\Program Files\maven\apache-maven\bin;C:\Program Files\maven\apache-maven\bin;C:\Program Files\Intel\WiFi\bin\;C:\Program Files\Common Files\Intel\WirelessCommon\;C:\Users\lbb\Anaconda3;C:\Users\lbb\Anaconda3\Library\mingw-w64\bin;C:\Users\lbb\Anaconda3\Library\usr\bin;C:\Users\lbb\Anaconda3\Library\bin;C:\Users\lbb\Anaconda3\Scripts;C:\Users\lbb\AppData\Local\Microsoft\WindowsApps;C:\Program Files\Java\jdk1.8.0_25\bin;C:\Program Files\maven\apache-maven\bin;C:\Program Files\Intel\WiFi\bin\;C:\Program Files\Common Files\Intel\WirelessCommon\;.]
2018-08-22 15:17:26.845  INFO 11856 --- [localhost-startStop-1] o.a.c.c.C.[Tomcat].[localhost].[/]       : Initializing Spring embedded WebApplicationContext
2018-08-22 15:17:26.847  INFO 11856 --- [localhost-startStop-1] o.s.web.context.ContextLoader            : Root WebApplicationContext: initialization completed in 1459 ms
2018-08-22 15:17:26.961  INFO 11856 --- [localhost-startStop-1] o.s.b.w.servlet.ServletRegistrationBean  : Servlet dispatcherServlet mapped to [/]
2018-08-22 15:17:26.967  INFO 11856 --- [localhost-startStop-1] o.s.b.w.servlet.FilterRegistrationBean   : Mapping filter: 'characterEncodingFilter' to: [/*]
2018-08-22 15:17:26.968  INFO 11856 --- [localhost-startStop-1] o.s.b.w.servlet.FilterRegistrationBean   : Mapping filter: 'hiddenHttpMethodFilter' to: [/*]
2018-08-22 15:17:26.969  INFO 11856 --- [localhost-startStop-1] o.s.b.w.servlet.FilterRegistrationBean   : Mapping filter: 'httpPutFormContentFilter' to: [/*]
2018-08-22 15:17:26.970  INFO 11856 --- [localhost-startStop-1] o.s.b.w.servlet.FilterRegistrationBean   : Mapping filter: 'requestContextFilter' to: [/*]
2018-08-22 15:17:27.151  INFO 11856 --- [main] o.s.w.s.handler.SimpleUrlHandlerMapping  : Mapped URL path [/**/favicon.ico] onto handler of type [class org.springframework.web.servlet.resource.ResourceHttpRequestHandler]
2018-08-22 15:17:27.403  INFO 11856 --- [main] s.w.s.m.m.a.RequestMappingHandlerAdapter : Looking for @ControllerAdvice: org.springframework.boot.web.servlet.context.AnnotationConfigServletWebServerApplicationContext@75f32542: startup date [Wed Aug 22 15:17:25 CST 2018]; root of context hierarchy
2018-08-22 15:17:27.448  INFO 11856 --- [main] s.w.s.m.m.a.RequestMappingHandlerMapping : Mapped "{[/hello]}" onto public java.lang.String com.yus.controller.HelloController.sayhello()
2018-08-22 15:17:27.454  INFO 11856 --- [main] s.w.s.m.m.a.RequestMappingHandlerMapping : Mapped "{[/error]}" onto public org.springframework.http.ResponseEntity<java.util.Map<java.lang.String, java.lang.Object>> org.springframework.boot.autoconfigure.web.servlet.error.BasicErrorController.error(javax.servlet.http.HttpServletRequest)
2018-08-22 15:17:27.454  INFO 11856 --- [main] s.w.s.m.m.a.RequestMappingHandlerMapping : Mapped "{[/error],produces=[text/html]}" onto public org.springframework.web.servlet.ModelAndView org.springframework.boot.autoconfigure.web.servlet.error.BasicErrorController.errorHtml(javax.servlet.http.HttpServletRequest,javax.servlet.http.HttpServletResponse)
2018-08-22 15:17:27.497  INFO 11856 --- [main] o.s.w.s.handler.SimpleUrlHandlerMapping  : Mapped URL path [/webjars/**] onto handler of type [class org.springframework.web.servlet.resource.ResourceHttpRequestHandler]
2018-08-22 15:17:27.499  INFO 11856 --- [main] o.s.w.s.handler.SimpleUrlHandlerMapping  : Mapped URL path [/**] onto handler of type [class org.springframework.web.servlet.resource.ResourceHttpRequestHandler]
2018-08-22 15:17:27.712  INFO 11856 --- [main] o.s.j.e.a.AnnotationMBeanExporter        : Registering beans for JMX exposure on startup
2018-08-22 15:17:27.762  INFO 11856 --- [main] o.s.b.w.embedded.tomcat.TomcatWebServer  : Tomcat started on port(s): 8090 (http) with context path ''
2018-08-22 15:17:27.767  INFO 11856 --- [main] com.yus.Demo01Application                : Started Demo01Application in 3.024 seconds (JVM running for 4.192)
2018-08-22 15:17:27.774  INFO 11856 --- [main] com.yus.Demo01Application                : 服务器启动了。。。。。。
2018-08-22 15:29:19.820  INFO 4512 --- [main] com.yus.Demo01Application                : Starting Demo01Application on DESKTOP-FEI0QPV with PID 4512 (C:\Users\lbb\idea_workpath\demo01\target\classes started by lbb in C:\Users\lbb\idea_workpath\demo01)
2018-08-22 15:29:19.827  INFO 4512 --- [main] com.yus.Demo01Application                : No active profile set, falling back to default profiles: default
2018-08-22 15:29:19.927  INFO 4512 --- [main] ConfigServletWebServerApplicationContext : Refreshing org.springframework.boot.web.servlet.context.AnnotationConfigServletWebServerApplicationContext@222114ba: startup date [Wed Aug 22 15:29:19 CST 2018]; root of context hierarchy
2018-08-22 15:29:21.468  INFO 4512 --- [main] o.s.b.w.embedded.tomcat.TomcatWebServer  : Tomcat initialized with port(s): 8080 (http)
2018-08-22 15:29:21.493  INFO 4512 --- [main] o.apache.catalina.core.StandardService   : Starting service [Tomcat]
2018-08-22 15:29:21.493  INFO 4512 --- [main] org.apache.catalina.core.StandardEngine  : Starting Servlet Engine: Apache Tomcat/8.5.32
2018-08-22 15:29:21.498  INFO 4512 --- [localhost-startStop-1] o.a.catalina.core.AprLifecycleListener   : The APR based Apache Tomcat Native library which allows optimal performance in production environments was not found on the java.library.path: [C:\Program Files\Java\jdk1.8.0_25\bin;C:\WINDOWS\Sun\Java\bin;C:\WINDOWS\system32;C:\WINDOWS;C:\ProgramData\Oracle\Java\javapath;C:\WINDOWS\system32;C:\WINDOWS;C:\WINDOWS\System32\Wbem;C:\WINDOWS\System32\WindowsPowerShell\v1.0\;C:\WINDOWS\System32\OpenSSH\;C:\Program Files\Microsoft VS Code\bin;C:\Program Files\Java\jdk1.8.0_25\bin;C:\Program Files\maven\apache-maven\bin;C:\Program Files\maven\apache-maven\bin;C:\Program Files\Intel\WiFi\bin\;C:\Program Files\Common Files\Intel\WirelessCommon\;C:\Users\lbb\Anaconda3;C:\Users\lbb\Anaconda3\Library\mingw-w64\bin;C:\Users\lbb\Anaconda3\Library\usr\bin;C:\Users\lbb\Anaconda3\Library\bin;C:\Users\lbb\Anaconda3\Scripts;C:\Users\lbb\AppData\Local\Microsoft\WindowsApps;C:\Program Files\Java\jdk1.8.0_25\bin;C:\Program Files\maven\apache-maven\bin;C:\Program Files\Intel\WiFi\bin\;C:\Program Files\Common Files\Intel\WirelessCommon\;.]
2018-08-22 15:29:21.594  INFO 4512 --- [localhost-startStop-1] o.a.c.c.C.[Tomcat].[localhost].[/]       : Initializing Spring embedded WebApplicationContext
2018-08-22 15:29:21.596  INFO 4512 --- [localhost-startStop-1] o.s.web.context.ContextLoader            : Root WebApplicationContext: initialization completed in 1669 ms
2018-08-22 15:29:21.689  INFO 4512 --- [localhost-startStop-1] o.s.b.w.servlet.ServletRegistrationBean  : Servlet dispatcherServlet mapped to [/]
2018-08-22 15:29:21.696  INFO 4512 --- [localhost-startStop-1] o.s.b.w.servlet.FilterRegistrationBean   : Mapping filter: 'characterEncodingFilter' to: [/*]
2018-08-22 15:29:21.696  INFO 4512 --- [localhost-startStop-1] o.s.b.w.servlet.FilterRegistrationBean   : Mapping filter: 'hiddenHttpMethodFilter' to: [/*]
2018-08-22 15:29:21.698  INFO 4512 --- [localhost-startStop-1] o.s.b.w.servlet.FilterRegistrationBean   : Mapping filter: 'httpPutFormContentFilter' to: [/*]
2018-08-22 15:29:21.698  INFO 4512 --- [localhost-startStop-1] o.s.b.w.servlet.FilterRegistrationBean   : Mapping filter: 'requestContextFilter' to: [/*]
2018-08-22 15:29:21.841  INFO 4512 --- [main] o.s.w.s.handler.SimpleUrlHandlerMapping  : Mapped URL path [/**/favicon.ico] onto handler of type [class org.springframework.web.servlet.resource.ResourceHttpRequestHandler]
2018-08-22 15:29:22.139  INFO 4512 --- [main] s.w.s.m.m.a.RequestMappingHandlerAdapter : Looking for @ControllerAdvice: org.springframework.boot.web.servlet.context.AnnotationConfigServletWebServerApplicationContext@222114ba: startup date [Wed Aug 22 15:29:19 CST 2018]; root of context hierarchy
2018-08-22 15:29:22.200  INFO 4512 --- [main] s.w.s.m.m.a.RequestMappingHandlerMapping : Mapped "{[/hello]}" onto public java.lang.String com.yus.controller.HelloController.sayhello()
2018-08-22 15:29:22.207  INFO 4512 --- [main] s.w.s.m.m.a.RequestMappingHandlerMapping : Mapped "{[/error]}" onto public org.springframework.http.ResponseEntity<java.util.Map<java.lang.String, java.lang.Object>> org.springframework.boot.autoconfigure.web.servlet.error.BasicErrorController.error(javax.servlet.http.HttpServletRequest)
2018-08-22 15:29:22.208  INFO 4512 --- [main] s.w.s.m.m.a.RequestMappingHandlerMapping : Mapped "{[/error],produces=[text/html]}" onto public org.springframework.web.servlet.ModelAndView org.springframework.boot.autoconfigure.web.servlet.error.BasicErrorController.errorHtml(javax.servlet.http.HttpServletRequest,javax.servlet.http.HttpServletResponse)
2018-08-22 15:29:22.237  INFO 4512 --- [main] o.s.w.s.handler.SimpleUrlHandlerMapping  : Mapped URL path [/webjars/**] onto handler of type [class org.springframework.web.servlet.resource.ResourceHttpRequestHandler]
2018-08-22 15:29:22.239  INFO 4512 --- [main] o.s.w.s.handler.SimpleUrlHandlerMapping  : Mapped URL path [/**] onto handler of type [class org.springframework.web.servlet.resource.ResourceHttpRequestHandler]
2018-08-22 15:29:22.359  INFO 4512 --- [main] o.s.b.a.w.s.WelcomePageHandlerMapping    : Adding welcome page template: index
2018-08-22 15:29:22.485  INFO 4512 --- [main] o.s.j.e.a.AnnotationMBeanExporter        : Registering beans for JMX exposure on startup
2018-08-22 15:29:22.530  INFO 4512 --- [main] o.s.b.w.embedded.tomcat.TomcatWebServer  : Tomcat started on port(s): 8080 (http) with context path ''
2018-08-22 15:29:22.536  INFO 4512 --- [main] com.yus.Demo01Application                : Started Demo01Application in 3.251 seconds (JVM running for 4.378)
2018-08-22 15:29:22.540  INFO 4512 --- [main] com.yus.Demo01Application                : 服务器启动了。。。。。。
2018-08-22 15:29:36.008  INFO 4512 --- [http-nio-8080-exec-2] o.a.c.c.C.[Tomcat].[localhost].[/]       : Initializing Spring FrameworkServlet 'dispatcherServlet'
2018-08-22 15:29:36.009  INFO 4512 --- [http-nio-8080-exec-2] o.s.web.servlet.DispatcherServlet        : FrameworkServlet 'dispatcherServlet': initialization started
2018-08-22 15:29:36.033  INFO 4512 --- [http-nio-8080-exec-2] o.s.web.servlet.DispatcherServlet        : FrameworkServlet 'dispatcherServlet': initialization completed in 22 ms
